<?xml version="1.0" encoding="UTF-8"?>
<testng-results skipped="0" failed="0" ignored="0" total="1" passed="1">
  <reporter-output>
  </reporter-output>
  <suite name="Default suite" duration-ms="3075" started-at="2018-04-19T01:46:30Z" finished-at="2018-04-19T01:46:34Z">
    <groups>
    </groups>
    <test name="Default test" duration-ms="3075" started-at="2018-04-19T01:46:30Z" finished-at="2018-04-19T01:46:34Z">
      <class name="getRequest.GetData">
        <test-method status="PASS" signature="testResponse()[pri:0, instance:getRequest.GetData@402f32ff]" name="testResponse" duration-ms="3044" started-at="2018-04-19T07:16:30Z" finished-at="2018-04-19T07:16:34Z">
          <reporter-output>
          </reporter-output>
        </test-method> <!-- testResponse -->
      </class> <!-- getRequest.GetData -->
    </test> <!-- Default test -->
  </suite> <!-- Default suite -->
</testng-results>
